# JRE version: OpenJDK Runtime Environment (8.0_292-b10) (build 1.8.0_292-b10)
# Java VM: OpenJDK 64-Bit Server VM (25.292-b10 mixed mode windows-amd64 compressed oops)
Heap:
 PSYoungGen      total 684032K, used 236599K [0x00000000d5d00000, 0x00000000ffb00000, 0x0000000100000000)
  eden space 681984K, 34% used [0x00000000d5d00000,0x00000000e43d5d28,0x00000000ff700000)
  from space 2048K, 10% used [0x00000000ff900000,0x00000000ff938000,0x00000000ffb00000)
  to   space 2048K, 0% used [0x00000000ff700000,0x00000000ff700000,0x00000000ff900000)
 ParOldGen       total 87552K, used 1256K [0x0000000081600000, 0x0000000086b80000, 0x00000000d5d00000)
  object space 87552K, 1% used [0x0000000081600000,0x000000008173a3f8,0x0000000086b80000)
 Metaspace       used 5337K, capacity 5868K, committed 6016K, reserved 1056768K
  class space    used 481K, capacity 532K, committed 640K, reserved 1048576K
GC Heap History (10 events):
Event: 0.855 GC heap before
{Heap before GC invocations=8 (full 0):
 PSYoungGen      total 135168K, used 133376K [0x00000000d5d00000, 0x00000000e6500000, 0x0000000100000000)
  eden space 133120K, 100% used [0x00000000d5d00000,0x00000000ddf00000,0x00000000ddf00000)
  from space 2048K, 12% used [0x00000000ddf00000,0x00000000ddf40000,0x00000000de100000)
  to   space 2048K, 0% used [0x00000000e6300000,0x00000000e6300000,0x00000000e6500000)
 ParOldGen       total 87552K, used 1080K [0x0000000081600000, 0x0000000086b80000, 0x00000000d5d00000)
  object space 87552K, 1% used [0x0000000081600000,0x000000008170e3f8,0x0000000086b80000)
 Metaspace       used 4365K, capacity 5528K, committed 5632K, reserved 1056768K
  class space    used 398K, capacity 456K, committed 512K, reserved 1048576K
Event: 0.856 GC heap after
Heap after GC invocations=8 (full 0):
 PSYoungGen      total 268288K, used 256K [0x00000000d5d00000, 0x00000000e6500000, 0x0000000100000000)
  eden space 266240K, 0% used [0x00000000d5d00000,0x00000000d5d00000,0x00000000e6100000)
  from space 2048K, 12% used [0x00000000e6300000,0x00000000e6340000,0x00000000e6500000)
  to   space 2048K, 0% used [0x00000000e6100000,0x00000000e6100000,0x00000000e6300000)
 ParOldGen       total 87552K, used 1112K [0x0000000081600000, 0x0000000086b80000, 0x00000000d5d00000)
  object space 87552K, 1% used [0x0000000081600000,0x00000000817163f8,0x0000000086b80000)
 Metaspace       used 4365K, capacity 5528K, committed 5632K, reserved 1056768K
  class space    used 398K, capacity 456K, committed 512K, reserved 1048576K
}
Event: 1.034 GC heap before
{Heap before GC invocations=9 (full 0):
 PSYoungGen      total 268288K, used 266496K [0x00000000d5d00000, 0x00000000e6500000, 0x0000000100000000)
  eden space 266240K, 100% used [0x00000000d5d00000,0x00000000e6100000,0x00000000e6100000)
  from space 2048K, 12% used [0x00000000e6300000,0x00000000e6340000,0x00000000e6500000)
  to   space 2048K, 0% used [0x00000000e6100000,0x00000000e6100000,0x00000000e6300000)
 ParOldGen       total 87552K, used 1112K [0x0000000081600000, 0x0000000086b80000, 0x00000000d5d00000)
  object space 87552K, 1% used [0x0000000081600000,0x00000000817163f8,0x0000000086b80000)
 Metaspace       used 4384K, capacity 5528K, committed 5632K, reserved 1056768K
  class space    used 398K, capacity 456K, committed 512K, reserved 1048576K
Event: 1.036 GC heap after
Heap after GC invocations=9 (full 0):
 PSYoungGen      total 268288K, used 256K [0x00000000d5d00000, 0x00000000f0100000, 0x0000000100000000)
  eden space 266240K, 0% used [0x00000000d5d00000,0x00000000d5d00000,0x00000000e6100000)
  from space 2048K, 12% used [0x00000000e6100000,0x00000000e6140000,0x00000000e6300000)
  to   space 2048K, 0% used [0x00000000eff00000,0x00000000eff00000,0x00000000f0100000)
 ParOldGen       total 87552K, used 1144K [0x0000000081600000, 0x0000000086b80000, 0x00000000d5d00000)
  object space 87552K, 1% used [0x0000000081600000,0x000000008171e3f8,0x0000000086b80000)
 Metaspace       used 4384K, capacity 5528K, committed 5632K, reserved 1056768K
  class space    used 398K, capacity 456K, committed 512K, reserved 1048576K
}
Event: 1.178 GC heap before
{Heap before GC invocations=10 (full 0):
 PSYoungGen      total 268288K, used 266496K [0x00000000d5d00000, 0x00000000f0100000, 0x0000000100000000)
  eden space 266240K, 100% used [0x00000000d5d00000,0x00000000e6100000,0x00000000e6100000)
  from space 2048K, 12% used [0x00000000e6100000,0x00000000e6140000,0x00000000e6300000)
  to   space 2048K, 0% used [0x00000000eff00000,0x00000000eff00000,0x00000000f0100000)
 ParOldGen       total 87552K, used 1144K [0x0000000081600000, 0x0000000086b80000, 0x00000000d5d00000)
  object space 87552K, 1% used [0x0000000081600000,0x000000008171e3f8,0x0000000086b80000)
 Metaspace       used 4384K, capacity 5528K, committed 5632K, reserved 1056768K
  class space    used 398K, capacity 456K, committed 512K, reserved 1048576K
Event: 1.179 GC heap after
Heap after GC invocations=10 (full 0):
 PSYoungGen      total 428032K, used 224K [0x00000000d5d00000, 0x00000000f0100000, 0x0000000100000000)
  eden space 425984K, 0% used [0x00000000d5d00000,0x00000000d5d00000,0x00000000efd00000)
  from space 2048K, 10% used [0x00000000eff00000,0x00000000eff38000,0x00000000f0100000)
  to   space 2048K, 0% used [0x00000000efd00000,0x00000000efd00000,0x00000000eff00000)
 ParOldGen       total 87552K, used 1176K [0x0000000081600000, 0x0000000086b80000, 0x00000000d5d00000)
  object space 87552K, 1% used [0x0000000081600000,0x00000000817263f8,0x0000000086b80000)
 Metaspace       used 4384K, capacity 5528K, committed 5632K, reserved 1056768K
  class space    used 398K, capacity 456K, committed 512K, reserved 1048576K
}
Event: 1.464 GC heap before
{Heap before GC invocations=11 (full 0):
 PSYoungGen      total 428032K, used 426208K [0x00000000d5d00000, 0x00000000f0100000, 0x0000000100000000)
  eden space 425984K, 100% used [0x00000000d5d00000,0x00000000efd00000,0x00000000efd00000)
  from space 2048K, 10% used [0x00000000eff00000,0x00000000eff38000,0x00000000f0100000)
  to   space 2048K, 0% used [0x00000000efd00000,0x00000000efd00000,0x00000000eff00000)
 ParOldGen       total 87552K, used 1176K [0x0000000081600000, 0x0000000086b80000, 0x00000000d5d00000)
  object space 87552K, 1% used [0x0000000081600000,0x00000000817263f8,0x0000000086b80000)
 Metaspace       used 4384K, capacity 5528K, committed 5632K, reserved 1056768K
  class space    used 398K, capacity 456K, committed 512K, reserved 1048576K
Event: 1.466 GC heap after
Heap after GC invocations=11 (full 0):
 PSYoungGen      total 428032K, used 224K [0x00000000d5d00000, 0x00000000ffb00000, 0x0000000100000000)
  eden space 425984K, 0% used [0x00000000d5d00000,0x00000000d5d00000,0x00000000efd00000)
  from space 2048K, 10% used [0x00000000efd00000,0x00000000efd38000,0x00000000eff00000)
  to   space 2048K, 0% used [0x00000000ff900000,0x00000000ff900000,0x00000000ffb00000)
 ParOldGen       total 87552K, used 1216K [0x0000000081600000, 0x0000000086b80000, 0x00000000d5d00000)
  object space 87552K, 1% used [0x0000000081600000,0x00000000817303f8,0x0000000086b80000)
 Metaspace       used 4384K, capacity 5528K, committed 5632K, reserved 1056768K
  class space    used 398K, capacity 456K, committed 512K, reserved 1048576K
}
Event: 1.693 GC heap before
{Heap before GC invocations=12 (full 0):
 PSYoungGen      total 428032K, used 426208K [0x00000000d5d00000, 0x00000000ffb00000, 0x0000000100000000)
  eden space 425984K, 100% used [0x00000000d5d00000,0x00000000efd00000,0x00000000efd00000)
  from space 2048K, 10% used [0x00000000efd00000,0x00000000efd38000,0x00000000eff00000)
  to   space 2048K, 0% used [0x00000000ff900000,0x00000000ff900000,0x00000000ffb00000)
 ParOldGen       total 87552K, used 1216K [0x0000000081600000, 0x0000000086b80000, 0x00000000d5d00000)
  object space 87552K, 1% used [0x0000000081600000,0x00000000817303f8,0x0000000086b80000)
 Metaspace       used 4384K, capacity 5528K, committed 5632K, reserved 1056768K
  class space    used 398K, capacity 456K, committed 512K, reserved 1048576K
Event: 1.695 GC heap after
Heap after GC invocations=12 (full 0):
 PSYoungGen      total 684032K, used 224K [0x00000000d5d00000, 0x00000000ffb00000, 0x0000000100000000)
  eden space 681984K, 0% used [0x00000000d5d00000,0x00000000d5d00000,0x00000000ff700000)
  from space 2048K, 10% used [0x00000000ff900000,0x00000000ff938000,0x00000000ffb00000)
  to   space 2048K, 0% used [0x00000000ff700000,0x00000000ff700000,0x00000000ff900000)
 ParOldGen       total 87552K, used 1256K [0x0000000081600000, 0x0000000086b80000, 0x00000000d5d00000)
  object space 87552K, 1% used [0x0000000081600000,0x000000008173a3f8,0x0000000086b80000)
 Metaspace       used 4384K, capacity 5528K, committed 5632K, reserved 1056768K
  class space    used 398K, capacity 456K, committed 512K, reserved 1048576K
}

